[2.516s] Invoking command in 'D:\My_Files\Work\AU-Robotics\Rover_2026\Code\UGVC-Rover-26\rover_ws\src\road_detector': PIXI_PROMPT=(rover_ws) PYTHONPATH=D:\My_Files\Work\AU-Robotics\Rover_2026\Code\UGVC-Rover-26\rover_ws\build\road_detector\prefix_override;D:\My_Files\Work\AU-Robotics\Rover_2026\Code\UGVC-Rover-26\rover_ws\.pixi\envs\default\Lib\site-packages\colcon_core\task\python\colcon_distutils_commands;D:\My_Files\Work\AU-Robotics\Rover_2026\Code\UGVC-Rover-26\rover_ws\install\road_detector\Lib\site-packages;%PYTHONPATH% D:\My_Files\Work\AU-Robotics\Rover_2026\Code\UGVC-Rover-26\rover_ws\.pixi\envs\default\python.exe -W ignore:setup.py install is deprecated -W ignore:easy_install command is deprecated setup.py egg_info --egg-base ..\..\build\road_detector build --build-base D:\My_Files\Work\AU-Robotics\Rover_2026\Code\UGVC-Rover-26\rover_ws\build\road_detector\build install --record D:\My_Files\Work\AU-Robotics\Rover_2026\Code\UGVC-Rover-26\rover_ws\build\road_detector\install.log --single-version-externally-managed install_data
[3.297s] running egg_info
[3.375s] creating ..\..\build\road_detector\road_detector.egg-info
[3.375s] writing ..\..\build\road_detector\road_detector.egg-info\PKG-INFO
[3.375s] writing dependency_links to ..\..\build\road_detector\road_detector.egg-info\dependency_links.txt
[3.375s] writing entry points to ..\..\build\road_detector\road_detector.egg-info\entry_points.txt
[3.391s] writing requirements to ..\..\build\road_detector\road_detector.egg-info\requires.txt
[3.391s] writing top-level names to ..\..\build\road_detector\road_detector.egg-info\top_level.txt
[3.391s] writing manifest file '..\..\build\road_detector\road_detector.egg-info\SOURCES.txt'
[3.500s] reading manifest file '..\..\build\road_detector\road_detector.egg-info\SOURCES.txt'
[3.500s] writing manifest file '..\..\build\road_detector\road_detector.egg-info\SOURCES.txt'
[3.500s] running build
[3.500s] running build_py
[3.500s] creating D:\My_Files\Work\AU-Robotics\Rover_2026\Code\UGVC-Rover-26\rover_ws\build\road_detector\build\lib\road_detector
[3.500s] copying road_detector\pointcloud_logger_node.py -> D:\My_Files\Work\AU-Robotics\Rover_2026\Code\UGVC-Rover-26\rover_ws\build\road_detector\build\lib\road_detector
[3.500s] copying road_detector\road_detector.py -> D:\My_Files\Work\AU-Robotics\Rover_2026\Code\UGVC-Rover-26\rover_ws\build\road_detector\build\lib\road_detector
[3.516s] copying road_detector\video_publisher_node.py -> D:\My_Files\Work\AU-Robotics\Rover_2026\Code\UGVC-Rover-26\rover_ws\build\road_detector\build\lib\road_detector
[3.516s] copying road_detector\__init__.py -> D:\My_Files\Work\AU-Robotics\Rover_2026\Code\UGVC-Rover-26\rover_ws\build\road_detector\build\lib\road_detector
[3.516s] running install
[3.516s] running install_lib
[3.594s] creating D:\My_Files\Work\AU-Robotics\Rover_2026\Code\UGVC-Rover-26\rover_ws\install\road_detector\Lib\site-packages\road_detector
[3.594s] copying D:\My_Files\Work\AU-Robotics\Rover_2026\Code\UGVC-Rover-26\rover_ws\build\road_detector\build\lib\road_detector\pointcloud_logger_node.py -> D:\My_Files\Work\AU-Robotics\Rover_2026\Code\UGVC-Rover-26\rover_ws\install\road_detector\Lib\site-packages\road_detector
[3.594s] copying D:\My_Files\Work\AU-Robotics\Rover_2026\Code\UGVC-Rover-26\rover_ws\build\road_detector\build\lib\road_detector\road_detector.py -> D:\My_Files\Work\AU-Robotics\Rover_2026\Code\UGVC-Rover-26\rover_ws\install\road_detector\Lib\site-packages\road_detector
[3.594s] copying D:\My_Files\Work\AU-Robotics\Rover_2026\Code\UGVC-Rover-26\rover_ws\build\road_detector\build\lib\road_detector\video_publisher_node.py -> D:\My_Files\Work\AU-Robotics\Rover_2026\Code\UGVC-Rover-26\rover_ws\install\road_detector\Lib\site-packages\road_detector
[3.594s] copying D:\My_Files\Work\AU-Robotics\Rover_2026\Code\UGVC-Rover-26\rover_ws\build\road_detector\build\lib\road_detector\__init__.py -> D:\My_Files\Work\AU-Robotics\Rover_2026\Code\UGVC-Rover-26\rover_ws\install\road_detector\Lib\site-packages\road_detector
[3.594s] byte-compiling D:\My_Files\Work\AU-Robotics\Rover_2026\Code\UGVC-Rover-26\rover_ws\install\road_detector\Lib\site-packages\road_detector\pointcloud_logger_node.py to pointcloud_logger_node.cpython-312.pyc
[3.594s] byte-compiling D:\My_Files\Work\AU-Robotics\Rover_2026\Code\UGVC-Rover-26\rover_ws\install\road_detector\Lib\site-packages\road_detector\road_detector.py to road_detector.cpython-312.pyc
[3.594s] byte-compiling D:\My_Files\Work\AU-Robotics\Rover_2026\Code\UGVC-Rover-26\rover_ws\install\road_detector\Lib\site-packages\road_detector\video_publisher_node.py to video_publisher_node.cpython-312.pyc
[3.594s] byte-compiling D:\My_Files\Work\AU-Robotics\Rover_2026\Code\UGVC-Rover-26\rover_ws\install\road_detector\Lib\site-packages\road_detector\__init__.py to __init__.cpython-312.pyc
[3.594s] running install_data
[3.594s] creating D:\My_Files\Work\AU-Robotics\Rover_2026\Code\UGVC-Rover-26\rover_ws\install\road_detector\share\ament_index\resource_index\packages
[3.594s] copying resource\road_detector -> D:\My_Files\Work\AU-Robotics\Rover_2026\Code\UGVC-Rover-26\rover_ws\install\road_detector\share\ament_index\resource_index\packages
[3.594s] copying package.xml -> D:\My_Files\Work\AU-Robotics\Rover_2026\Code\UGVC-Rover-26\rover_ws\install\road_detector\share\road_detector
[3.594s] creating D:\My_Files\Work\AU-Robotics\Rover_2026\Code\UGVC-Rover-26\rover_ws\install\road_detector\share\road_detector\launch
[3.594s] copying launch\road_detector_launch.py -> D:\My_Files\Work\AU-Robotics\Rover_2026\Code\UGVC-Rover-26\rover_ws\install\road_detector\share\road_detector\launch
[3.594s] copying launch\road_detector_test_launch.py -> D:\My_Files\Work\AU-Robotics\Rover_2026\Code\UGVC-Rover-26\rover_ws\install\road_detector\share\road_detector\launch
[3.594s] creating D:\My_Files\Work\AU-Robotics\Rover_2026\Code\UGVC-Rover-26\rover_ws\install\road_detector\share\road_detector\config
[3.594s] copying config\params.yaml -> D:\My_Files\Work\AU-Robotics\Rover_2026\Code\UGVC-Rover-26\rover_ws\install\road_detector\share\road_detector\config
[3.594s] copying config\pointcloud_logger_params.yaml -> D:\My_Files\Work\AU-Robotics\Rover_2026\Code\UGVC-Rover-26\rover_ws\install\road_detector\share\road_detector\config
[3.594s] copying config\video_publisher_params.yaml -> D:\My_Files\Work\AU-Robotics\Rover_2026\Code\UGVC-Rover-26\rover_ws\install\road_detector\share\road_detector\config
[3.594s] running install_egg_info
[3.672s] Copying ..\..\build\road_detector\road_detector.egg-info to D:\My_Files\Work\AU-Robotics\Rover_2026\Code\UGVC-Rover-26\rover_ws\install\road_detector\Lib\site-packages\road_detector-0.0.1-py3.12.egg-info
[3.687s] running install_scripts
[4.078s] Installing road_detector_node-script.py script to D:\My_Files\Work\AU-Robotics\Rover_2026\Code\UGVC-Rover-26\rover_ws\install\road_detector\road_detector\Lib\road_detector
[4.078s] Installing road_detector_node.exe script to D:\My_Files\Work\AU-Robotics\Rover_2026\Code\UGVC-Rover-26\rover_ws\install\road_detector\road_detector\Lib\road_detector
[4.078s] writing list of installed files to 'D:\My_Files\Work\AU-Robotics\Rover_2026\Code\UGVC-Rover-26\rover_ws\build\road_detector\install.log'
[4.094s] Invoked command in 'D:\My_Files\Work\AU-Robotics\Rover_2026\Code\UGVC-Rover-26\rover_ws\src\road_detector' returned '0': PIXI_PROMPT=(rover_ws) PYTHONPATH=D:\My_Files\Work\AU-Robotics\Rover_2026\Code\UGVC-Rover-26\rover_ws\build\road_detector\prefix_override;D:\My_Files\Work\AU-Robotics\Rover_2026\Code\UGVC-Rover-26\rover_ws\.pixi\envs\default\Lib\site-packages\colcon_core\task\python\colcon_distutils_commands;D:\My_Files\Work\AU-Robotics\Rover_2026\Code\UGVC-Rover-26\rover_ws\install\road_detector\Lib\site-packages;%PYTHONPATH% D:\My_Files\Work\AU-Robotics\Rover_2026\Code\UGVC-Rover-26\rover_ws\.pixi\envs\default\python.exe -W ignore:setup.py install is deprecated -W ignore:easy_install command is deprecated setup.py egg_info --egg-base ..\..\build\road_detector build --build-base D:\My_Files\Work\AU-Robotics\Rover_2026\Code\UGVC-Rover-26\rover_ws\build\road_detector\build install --record D:\My_Files\Work\AU-Robotics\Rover_2026\Code\UGVC-Rover-26\rover_ws\build\road_detector\install.log --single-version-externally-managed install_data
