[1.953s] Invoking command in 'D:\My_Files\Work\AU-Robotics\Rover_2026\Code\UGVC-Rover-26\rover_ws\build\road_detector': PIXI_PROMPT=(rover_ws) PYTHONPATH=D:\My_Files\Work\AU-Robotics\Rover_2026\Code\UGVC-Rover-26\rover_ws\build\road_detector\prefix_override;D:\My_Files\Work\AU-Robotics\Rover_2026\Code\UGVC-Rover-26\rover_ws\.pixi\envs\default\Lib\site-packages\colcon_core\task\python\colcon_distutils_commands;D:\My_Files\Work\AU-Robotics\Rover_2026\Code\UGVC-Rover-26\rover_ws\install\road_detector\Lib\site-packages;%PYTHONPATH% D:\My_Files\Work\AU-Robotics\Rover_2026\Code\UGVC-Rover-26\rover_ws\.pixi\envs\default\python.exe -W ignore:setup.py install is deprecated -W ignore:easy_install command is deprecated setup.py develop --editable --build-directory D:\My_Files\Work\AU-Robotics\Rover_2026\Code\UGVC-Rover-26\rover_ws\build\road_detector\build --no-deps symlink_data --force
[2.812s] running develop
[3.672s] running egg_info
[3.750s] writing road_detector.egg-info\PKG-INFO
[3.750s] writing dependency_links to road_detector.egg-info\dependency_links.txt
[3.750s] writing entry points to road_detector.egg-info\entry_points.txt
[3.750s] writing requirements to road_detector.egg-info\requires.txt
[3.750s] writing top-level names to road_detector.egg-info\top_level.txt
[3.922s] reading manifest file 'road_detector.egg-info\SOURCES.txt'
[3.922s] writing manifest file 'road_detector.egg-info\SOURCES.txt'
[4.000s] running build_ext
[4.000s] Creating D:\My_Files\Work\AU-Robotics\Rover_2026\Code\UGVC-Rover-26\rover_ws\install\road_detector\Lib\site-packages\road-detector.egg-link (link to .)
[4.000s] Installing pointcloud_logger_node-script.py script to D:\My_Files\Work\AU-Robotics\Rover_2026\Code\UGVC-Rover-26\rover_ws\install\road_detector/lib/road_detector
[4.000s] Installing pointcloud_logger_node.exe script to D:\My_Files\Work\AU-Robotics\Rover_2026\Code\UGVC-Rover-26\rover_ws\install\road_detector/lib/road_detector
[4.000s] Installing road_detector_node-script.py script to D:\My_Files\Work\AU-Robotics\Rover_2026\Code\UGVC-Rover-26\rover_ws\install\road_detector/lib/road_detector
[4.000s] Installing road_detector_node.exe script to D:\My_Files\Work\AU-Robotics\Rover_2026\Code\UGVC-Rover-26\rover_ws\install\road_detector/lib/road_detector
[4.000s] Installing video_publisher_node-script.py script to D:\My_Files\Work\AU-Robotics\Rover_2026\Code\UGVC-Rover-26\rover_ws\install\road_detector/lib/road_detector
[4.015s] Installing video_publisher_node.exe script to D:\My_Files\Work\AU-Robotics\Rover_2026\Code\UGVC-Rover-26\rover_ws\install\road_detector/lib/road_detector
[4.015s] 
[4.015s] Installed d:\my_files\work\au-robotics\rover_2026\code\ugvc-rover-26\rover_ws\build\road_detector
[4.015s] running symlink_data
[4.015s] symbolically linking D:\My_Files\Work\AU-Robotics\Rover_2026\Code\UGVC-Rover-26\rover_ws\build\road_detector\resource\road_detector -> D:\My_Files\Work\AU-Robotics\Rover_2026\Code\UGVC-Rover-26\rover_ws\install\road_detector\share\ament_index\resource_index\packages
[4.015s] symbolically linking D:\My_Files\Work\AU-Robotics\Rover_2026\Code\UGVC-Rover-26\rover_ws\build\road_detector\package.xml -> D:\My_Files\Work\AU-Robotics\Rover_2026\Code\UGVC-Rover-26\rover_ws\install\road_detector\share\road_detector
[4.015s] symbolically linking D:\My_Files\Work\AU-Robotics\Rover_2026\Code\UGVC-Rover-26\rover_ws\build\road_detector\launch\road_detector_launch.py -> D:\My_Files\Work\AU-Robotics\Rover_2026\Code\UGVC-Rover-26\rover_ws\install\road_detector\share\road_detector\launch
[4.015s] symbolically linking D:\My_Files\Work\AU-Robotics\Rover_2026\Code\UGVC-Rover-26\rover_ws\build\road_detector\launch\road_detector_test_launch.py -> D:\My_Files\Work\AU-Robotics\Rover_2026\Code\UGVC-Rover-26\rover_ws\install\road_detector\share\road_detector\launch
[4.015s] symbolically linking D:\My_Files\Work\AU-Robotics\Rover_2026\Code\UGVC-Rover-26\rover_ws\build\road_detector\config\params.yaml -> D:\My_Files\Work\AU-Robotics\Rover_2026\Code\UGVC-Rover-26\rover_ws\install\road_detector\share\road_detector\config
[4.015s] symbolically linking D:\My_Files\Work\AU-Robotics\Rover_2026\Code\UGVC-Rover-26\rover_ws\build\road_detector\config\pointcloud_logger_params.yaml -> D:\My_Files\Work\AU-Robotics\Rover_2026\Code\UGVC-Rover-26\rover_ws\install\road_detector\share\road_detector\config
[4.015s] symbolically linking D:\My_Files\Work\AU-Robotics\Rover_2026\Code\UGVC-Rover-26\rover_ws\build\road_detector\config\video_publisher_params.yaml -> D:\My_Files\Work\AU-Robotics\Rover_2026\Code\UGVC-Rover-26\rover_ws\install\road_detector\share\road_detector\config
[4.062s] Invoked command in 'D:\My_Files\Work\AU-Robotics\Rover_2026\Code\UGVC-Rover-26\rover_ws\build\road_detector' returned '0': PIXI_PROMPT=(rover_ws) PYTHONPATH=D:\My_Files\Work\AU-Robotics\Rover_2026\Code\UGVC-Rover-26\rover_ws\build\road_detector\prefix_override;D:\My_Files\Work\AU-Robotics\Rover_2026\Code\UGVC-Rover-26\rover_ws\.pixi\envs\default\Lib\site-packages\colcon_core\task\python\colcon_distutils_commands;D:\My_Files\Work\AU-Robotics\Rover_2026\Code\UGVC-Rover-26\rover_ws\install\road_detector\Lib\site-packages;%PYTHONPATH% D:\My_Files\Work\AU-Robotics\Rover_2026\Code\UGVC-Rover-26\rover_ws\.pixi\envs\default\python.exe -W ignore:setup.py install is deprecated -W ignore:easy_install command is deprecated setup.py develop --editable --build-directory D:\My_Files\Work\AU-Robotics\Rover_2026\Code\UGVC-Rover-26\rover_ws\build\road_detector\build --no-deps symlink_data --force
