running egg_info
writing ..\..\build\road_detector\road_detector.egg-info\PKG-INFO
writing dependency_links to ..\..\build\road_detector\road_detector.egg-info\dependency_links.txt
writing entry points to ..\..\build\road_detector\road_detector.egg-info\entry_points.txt
writing requirements to ..\..\build\road_detector\road_detector.egg-info\requires.txt
writing top-level names to ..\..\build\road_detector\road_detector.egg-info\top_level.txt
reading manifest file '..\..\build\road_detector\road_detector.egg-info\SOURCES.txt'
writing manifest file '..\..\build\road_detector\road_detector.egg-info\SOURCES.txt'
running build
running build_py
copying road_detector\pointcloud_logger_node.py -> D:\My_Files\Work\AU-Robotics\Rover_2026\Code\UGVC-Rover-26\rover_ws\build\road_detector\build\lib\road_detector
copying road_detector\road_detector_node.py -> D:\My_Files\Work\AU-Robotics\Rover_2026\Code\UGVC-Rover-26\rover_ws\build\road_detector\build\lib\road_detector
copying road_detector\video_publisher_node.py -> D:\My_Files\Work\AU-Robotics\Rover_2026\Code\UGVC-Rover-26\rover_ws\build\road_detector\build\lib\road_detector
copying road_detector\__init__.py -> D:\My_Files\Work\AU-Robotics\Rover_2026\Code\UGVC-Rover-26\rover_ws\build\road_detector\build\lib\road_detector
running install
running install_lib
copying D:\My_Files\Work\AU-Robotics\Rover_2026\Code\UGVC-Rover-26\rover_ws\build\road_detector\build\lib\road_detector\road_detector_node.py -> D:\My_Files\Work\AU-Robotics\Rover_2026\Code\UGVC-Rover-26\rover_ws\install\road_detector\Lib\site-packages\road_detector
byte-compiling D:\My_Files\Work\AU-Robotics\Rover_2026\Code\UGVC-Rover-26\rover_ws\install\road_detector\Lib\site-packages\road_detector\road_detector_node.py to road_detector_node.cpython-312.pyc
running install_data
copying resource\road_detector -> D:\My_Files\Work\AU-Robotics\Rover_2026\Code\UGVC-Rover-26\rover_ws\install\road_detector\share\ament_index\resource_index\packages
copying package.xml -> D:\My_Files\Work\AU-Robotics\Rover_2026\Code\UGVC-Rover-26\rover_ws\install\road_detector\share\road_detector
copying launch\road_detector_launch.py -> D:\My_Files\Work\AU-Robotics\Rover_2026\Code\UGVC-Rover-26\rover_ws\install\road_detector\share\road_detector\launch
copying launch\road_detector_test_launch.py -> D:\My_Files\Work\AU-Robotics\Rover_2026\Code\UGVC-Rover-26\rover_ws\install\road_detector\share\road_detector\launch
copying config\params.yaml -> D:\My_Files\Work\AU-Robotics\Rover_2026\Code\UGVC-Rover-26\rover_ws\install\road_detector\share\road_detector\config
copying config\pointcloud_logger_params.yaml -> D:\My_Files\Work\AU-Robotics\Rover_2026\Code\UGVC-Rover-26\rover_ws\install\road_detector\share\road_detector\config
copying config\video_publisher_params.yaml -> D:\My_Files\Work\AU-Robotics\Rover_2026\Code\UGVC-Rover-26\rover_ws\install\road_detector\share\road_detector\config
running install_egg_info
removing 'D:\My_Files\Work\AU-Robotics\Rover_2026\Code\UGVC-Rover-26\rover_ws\install\road_detector\Lib\site-packages\road_detector-0.0.1-py3.12.egg-info' (and everything under it)
Copying ..\..\build\road_detector\road_detector.egg-info to D:\My_Files\Work\AU-Robotics\Rover_2026\Code\UGVC-Rover-26\rover_ws\install\road_detector\Lib\site-packages\road_detector-0.0.1-py3.12.egg-info
running install_scripts
Installing pointcloud_logger_node-script.py script to D:\My_Files\Work\AU-Robotics\Rover_2026\Code\UGVC-Rover-26\rover_ws\install\road_detector\lib\road_detector
Installing pointcloud_logger_node.exe script to D:\My_Files\Work\AU-Robotics\Rover_2026\Code\UGVC-Rover-26\rover_ws\install\road_detector\lib\road_detector
Installing road_detector_node-script.py script to D:\My_Files\Work\AU-Robotics\Rover_2026\Code\UGVC-Rover-26\rover_ws\install\road_detector\lib\road_detector
Installing road_detector_node.exe script to D:\My_Files\Work\AU-Robotics\Rover_2026\Code\UGVC-Rover-26\rover_ws\install\road_detector\lib\road_detector
Installing video_publisher_node-script.py script to D:\My_Files\Work\AU-Robotics\Rover_2026\Code\UGVC-Rover-26\rover_ws\install\road_detector\lib\road_detector
Installing video_publisher_node.exe script to D:\My_Files\Work\AU-Robotics\Rover_2026\Code\UGVC-Rover-26\rover_ws\install\road_detector\lib\road_detector
writing list of installed files to 'D:\My_Files\Work\AU-Robotics\Rover_2026\Code\UGVC-Rover-26\rover_ws\build\road_detector\install.log'
