[1.891s] Invoking command in 'D:\My_Files\Work\AU-Robotics\Rover_2026\Code\UGVC-Rover-26\rover_ws\src\road_detector': PIXI_PROMPT=(rover_ws) PYTHONPATH=D:\My_Files\Work\AU-Robotics\Rover_2026\Code\UGVC-Rover-26\rover_ws\build\road_detector\prefix_override;D:\My_Files\Work\AU-Robotics\Rover_2026\Code\UGVC-Rover-26\rover_ws\.pixi\envs\default\Lib\site-packages\colcon_core\task\python\colcon_distutils_commands;D:\My_Files\Work\AU-Robotics\Rover_2026\Code\UGVC-Rover-26\rover_ws\install\road_detector\Lib\site-packages;%PYTHONPATH% D:\My_Files\Work\AU-Robotics\Rover_2026\Code\UGVC-Rover-26\rover_ws\.pixi\envs\default\python.exe -W ignore:setup.py install is deprecated -W ignore:easy_install command is deprecated setup.py egg_info --egg-base ..\..\build\road_detector build --build-base D:\My_Files\Work\AU-Robotics\Rover_2026\Code\UGVC-Rover-26\rover_ws\build\road_detector\build install --record D:\My_Files\Work\AU-Robotics\Rover_2026\Code\UGVC-Rover-26\rover_ws\build\road_detector\install.log --single-version-externally-managed install_data
[2.594s] running egg_info
[2.656s] writing ..\..\build\road_detector\road_detector.egg-info\PKG-INFO
[2.656s] writing dependency_links to ..\..\build\road_detector\road_detector.egg-info\dependency_links.txt
[2.656s] writing entry points to ..\..\build\road_detector\road_detector.egg-info\entry_points.txt
[2.656s] writing requirements to ..\..\build\road_detector\road_detector.egg-info\requires.txt
[2.656s] writing top-level names to ..\..\build\road_detector\road_detector.egg-info\top_level.txt
[2.797s] reading manifest file '..\..\build\road_detector\road_detector.egg-info\SOURCES.txt'
[2.812s] writing manifest file '..\..\build\road_detector\road_detector.egg-info\SOURCES.txt'
[2.812s] running build
[2.812s] running build_py
[2.812s] copying road_detector\pointcloud_logger_node.py -> D:\My_Files\Work\AU-Robotics\Rover_2026\Code\UGVC-Rover-26\rover_ws\build\road_detector\build\lib\road_detector
[2.812s] copying road_detector\road_detector_node.py -> D:\My_Files\Work\AU-Robotics\Rover_2026\Code\UGVC-Rover-26\rover_ws\build\road_detector\build\lib\road_detector
[2.812s] copying road_detector\video_publisher_node.py -> D:\My_Files\Work\AU-Robotics\Rover_2026\Code\UGVC-Rover-26\rover_ws\build\road_detector\build\lib\road_detector
[2.812s] copying road_detector\__init__.py -> D:\My_Files\Work\AU-Robotics\Rover_2026\Code\UGVC-Rover-26\rover_ws\build\road_detector\build\lib\road_detector
[2.812s] running install
[2.812s] running install_lib
[2.859s] copying D:\My_Files\Work\AU-Robotics\Rover_2026\Code\UGVC-Rover-26\rover_ws\build\road_detector\build\lib\road_detector\road_detector_node.py -> D:\My_Files\Work\AU-Robotics\Rover_2026\Code\UGVC-Rover-26\rover_ws\install\road_detector\Lib\site-packages\road_detector
[2.859s] byte-compiling D:\My_Files\Work\AU-Robotics\Rover_2026\Code\UGVC-Rover-26\rover_ws\install\road_detector\Lib\site-packages\road_detector\road_detector_node.py to road_detector_node.cpython-312.pyc
[2.875s] running install_data
[2.875s] copying resource\road_detector -> D:\My_Files\Work\AU-Robotics\Rover_2026\Code\UGVC-Rover-26\rover_ws\install\road_detector\share\ament_index\resource_index\packages
[2.875s] copying package.xml -> D:\My_Files\Work\AU-Robotics\Rover_2026\Code\UGVC-Rover-26\rover_ws\install\road_detector\share\road_detector
[2.875s] copying launch\road_detector_launch.py -> D:\My_Files\Work\AU-Robotics\Rover_2026\Code\UGVC-Rover-26\rover_ws\install\road_detector\share\road_detector\launch
[2.875s] copying launch\road_detector_test_launch.py -> D:\My_Files\Work\AU-Robotics\Rover_2026\Code\UGVC-Rover-26\rover_ws\install\road_detector\share\road_detector\launch
[2.891s] copying config\params.yaml -> D:\My_Files\Work\AU-Robotics\Rover_2026\Code\UGVC-Rover-26\rover_ws\install\road_detector\share\road_detector\config
[2.891s] copying config\pointcloud_logger_params.yaml -> D:\My_Files\Work\AU-Robotics\Rover_2026\Code\UGVC-Rover-26\rover_ws\install\road_detector\share\road_detector\config
[2.891s] copying config\video_publisher_params.yaml -> D:\My_Files\Work\AU-Robotics\Rover_2026\Code\UGVC-Rover-26\rover_ws\install\road_detector\share\road_detector\config
[2.891s] running install_egg_info
[2.953s] removing 'D:\My_Files\Work\AU-Robotics\Rover_2026\Code\UGVC-Rover-26\rover_ws\install\road_detector\Lib\site-packages\road_detector-0.0.1-py3.12.egg-info' (and everything under it)
[2.953s] Copying ..\..\build\road_detector\road_detector.egg-info to D:\My_Files\Work\AU-Robotics\Rover_2026\Code\UGVC-Rover-26\rover_ws\install\road_detector\Lib\site-packages\road_detector-0.0.1-py3.12.egg-info
[2.969s] running install_scripts
[3.328s] Installing pointcloud_logger_node-script.py script to D:\My_Files\Work\AU-Robotics\Rover_2026\Code\UGVC-Rover-26\rover_ws\install\road_detector\lib\road_detector
[3.328s] Installing pointcloud_logger_node.exe script to D:\My_Files\Work\AU-Robotics\Rover_2026\Code\UGVC-Rover-26\rover_ws\install\road_detector\lib\road_detector
[3.328s] Installing road_detector_node-script.py script to D:\My_Files\Work\AU-Robotics\Rover_2026\Code\UGVC-Rover-26\rover_ws\install\road_detector\lib\road_detector
[3.328s] Installing road_detector_node.exe script to D:\My_Files\Work\AU-Robotics\Rover_2026\Code\UGVC-Rover-26\rover_ws\install\road_detector\lib\road_detector
[3.328s] Installing video_publisher_node-script.py script to D:\My_Files\Work\AU-Robotics\Rover_2026\Code\UGVC-Rover-26\rover_ws\install\road_detector\lib\road_detector
[3.328s] Installing video_publisher_node.exe script to D:\My_Files\Work\AU-Robotics\Rover_2026\Code\UGVC-Rover-26\rover_ws\install\road_detector\lib\road_detector
[3.328s] writing list of installed files to 'D:\My_Files\Work\AU-Robotics\Rover_2026\Code\UGVC-Rover-26\rover_ws\build\road_detector\install.log'
[3.359s] Invoked command in 'D:\My_Files\Work\AU-Robotics\Rover_2026\Code\UGVC-Rover-26\rover_ws\src\road_detector' returned '0': PIXI_PROMPT=(rover_ws) PYTHONPATH=D:\My_Files\Work\AU-Robotics\Rover_2026\Code\UGVC-Rover-26\rover_ws\build\road_detector\prefix_override;D:\My_Files\Work\AU-Robotics\Rover_2026\Code\UGVC-Rover-26\rover_ws\.pixi\envs\default\Lib\site-packages\colcon_core\task\python\colcon_distutils_commands;D:\My_Files\Work\AU-Robotics\Rover_2026\Code\UGVC-Rover-26\rover_ws\install\road_detector\Lib\site-packages;%PYTHONPATH% D:\My_Files\Work\AU-Robotics\Rover_2026\Code\UGVC-Rover-26\rover_ws\.pixi\envs\default\python.exe -W ignore:setup.py install is deprecated -W ignore:easy_install command is deprecated setup.py egg_info --egg-base ..\..\build\road_detector build --build-base D:\My_Files\Work\AU-Robotics\Rover_2026\Code\UGVC-Rover-26\rover_ws\build\road_detector\build install --record D:\My_Files\Work\AU-Robotics\Rover_2026\Code\UGVC-Rover-26\rover_ws\build\road_detector\install.log --single-version-externally-managed install_data
