[2.438s] Invoking command in 'D:\My_Files\Work\AU-Robotics\Rover_2026\Code\UGVC-Rover-26\rover_ws\src\road_detector': PIXI_PROMPT=(rover_ws) PYTHONPATH=D:\My_Files\Work\AU-Robotics\Rover_2026\Code\UGVC-Rover-26\rover_ws\build\road_detector\prefix_override;D:\My_Files\Work\AU-Robotics\Rover_2026\Code\UGVC-Rover-26\rover_ws\.pixi\envs\default\Lib\site-packages\colcon_core\task\python\colcon_distutils_commands;D:\My_Files\Work\AU-Robotics\Rover_2026\Code\UGVC-Rover-26\rover_ws\install\Lib\site-packages;%PYTHONPATH% D:\My_Files\Work\AU-Robotics\Rover_2026\Code\UGVC-Rover-26\rover_ws\.pixi\envs\default\python.exe -W ignore:setup.py install is deprecated -W ignore:easy_install command is deprecated setup.py egg_info --egg-base ..\..\build\road_detector build --build-base D:\My_Files\Work\AU-Robotics\Rover_2026\Code\UGVC-Rover-26\rover_ws\build\road_detector\build install --record D:\My_Files\Work\AU-Robotics\Rover_2026\Code\UGVC-Rover-26\rover_ws\build\road_detector\install.log --single-version-externally-managed install_data
[3.125s] running egg_info
[3.188s] writing ..\..\build\road_detector\road_detector.egg-info\PKG-INFO
[3.188s] writing dependency_links to ..\..\build\road_detector\road_detector.egg-info\dependency_links.txt
[3.188s] writing entry points to ..\..\build\road_detector\road_detector.egg-info\entry_points.txt
[3.188s] writing requirements to ..\..\build\road_detector\road_detector.egg-info\requires.txt
[3.188s] writing top-level names to ..\..\build\road_detector\road_detector.egg-info\top_level.txt
[3.313s] reading manifest file '..\..\build\road_detector\road_detector.egg-info\SOURCES.txt'
[3.313s] writing manifest file '..\..\build\road_detector\road_detector.egg-info\SOURCES.txt'
[3.313s] running build
[3.313s] running build_py
[3.313s] copying road_detector\homography.py -> D:\My_Files\Work\AU-Robotics\Rover_2026\Code\UGVC-Rover-26\rover_ws\build\road_detector\build\lib\road_detector
[3.328s] copying road_detector\pipeline.py -> D:\My_Files\Work\AU-Robotics\Rover_2026\Code\UGVC-Rover-26\rover_ws\build\road_detector\build\lib\road_detector
[3.328s] copying road_detector\road_detector.py -> D:\My_Files\Work\AU-Robotics\Rover_2026\Code\UGVC-Rover-26\rover_ws\build\road_detector\build\lib\road_detector
[3.328s] copying road_detector\road_features_detector.py -> D:\My_Files\Work\AU-Robotics\Rover_2026\Code\UGVC-Rover-26\rover_ws\build\road_detector\build\lib\road_detector
[3.328s] copying road_detector\__init__.py -> D:\My_Files\Work\AU-Robotics\Rover_2026\Code\UGVC-Rover-26\rover_ws\build\road_detector\build\lib\road_detector
[3.328s] running install
[3.328s] running install_lib
[3.391s] copying D:\My_Files\Work\AU-Robotics\Rover_2026\Code\UGVC-Rover-26\rover_ws\build\road_detector\build\lib\road_detector\road_detector.py -> D:\My_Files\Work\AU-Robotics\Rover_2026\Code\UGVC-Rover-26\rover_ws\install\Lib\site-packages\road_detector
[3.391s] byte-compiling D:\My_Files\Work\AU-Robotics\Rover_2026\Code\UGVC-Rover-26\rover_ws\install\Lib\site-packages\road_detector\road_detector.py to road_detector.cpython-312.pyc
[3.391s] running install_data
[3.391s] copying resource\road_detector -> D:\My_Files\Work\AU-Robotics\Rover_2026\Code\UGVC-Rover-26\rover_ws\install\share\ament_index\resource_index\packages
[3.391s] copying package.xml -> D:\My_Files\Work\AU-Robotics\Rover_2026\Code\UGVC-Rover-26\rover_ws\install\share\road_detector
[3.406s] copying launch\road_detector_launch.py -> D:\My_Files\Work\AU-Robotics\Rover_2026\Code\UGVC-Rover-26\rover_ws\install\share\road_detector\launch
[3.406s] copying config\params.yaml -> D:\My_Files\Work\AU-Robotics\Rover_2026\Code\UGVC-Rover-26\rover_ws\install\share\road_detector\config
[3.406s] running install_egg_info
[3.469s] removing 'D:\My_Files\Work\AU-Robotics\Rover_2026\Code\UGVC-Rover-26\rover_ws\install\Lib\site-packages\road_detector-0.0.1-py3.12.egg-info' (and everything under it)
[3.469s] Copying ..\..\build\road_detector\road_detector.egg-info to D:\My_Files\Work\AU-Robotics\Rover_2026\Code\UGVC-Rover-26\rover_ws\install\Lib\site-packages\road_detector-0.0.1-py3.12.egg-info
[3.469s] running install_scripts
[3.813s] Installing road_detector_node-script.py script to D:\My_Files\Work\AU-Robotics\Rover_2026\Code\UGVC-Rover-26\rover_ws\install\lib\road_detector
[3.828s] Installing road_detector_node.exe script to D:\My_Files\Work\AU-Robotics\Rover_2026\Code\UGVC-Rover-26\rover_ws\install\lib\road_detector
[3.828s] writing list of installed files to 'D:\My_Files\Work\AU-Robotics\Rover_2026\Code\UGVC-Rover-26\rover_ws\build\road_detector\install.log'
[3.859s] Invoked command in 'D:\My_Files\Work\AU-Robotics\Rover_2026\Code\UGVC-Rover-26\rover_ws\src\road_detector' returned '0': PIXI_PROMPT=(rover_ws) PYTHONPATH=D:\My_Files\Work\AU-Robotics\Rover_2026\Code\UGVC-Rover-26\rover_ws\build\road_detector\prefix_override;D:\My_Files\Work\AU-Robotics\Rover_2026\Code\UGVC-Rover-26\rover_ws\.pixi\envs\default\Lib\site-packages\colcon_core\task\python\colcon_distutils_commands;D:\My_Files\Work\AU-Robotics\Rover_2026\Code\UGVC-Rover-26\rover_ws\install\Lib\site-packages;%PYTHONPATH% D:\My_Files\Work\AU-Robotics\Rover_2026\Code\UGVC-Rover-26\rover_ws\.pixi\envs\default\python.exe -W ignore:setup.py install is deprecated -W ignore:easy_install command is deprecated setup.py egg_info --egg-base ..\..\build\road_detector build --build-base D:\My_Files\Work\AU-Robotics\Rover_2026\Code\UGVC-Rover-26\rover_ws\build\road_detector\build install --record D:\My_Files\Work\AU-Robotics\Rover_2026\Code\UGVC-Rover-26\rover_ws\build\road_detector\install.log --single-version-externally-managed install_data
