[4.015s] Invoking command in 'D:\My_Files\Work\AU-Robotics\Rover_2026\Code\UGVC-Rover-26\rover_ws\src\road_detector': PIXI_PROMPT=(rover_ws) PYTHONPATH=D:\My_Files\Work\AU-Robotics\Rover_2026\Code\UGVC-Rover-26\rover_ws\build\road_detector\prefix_override;D:\My_Files\Work\AU-Robotics\Rover_2026\Code\UGVC-Rover-26\rover_ws\.pixi\envs\default\Lib\site-packages\colcon_core\task\python\colcon_distutils_commands;D:\My_Files\Work\AU-Robotics\Rover_2026\Code\UGVC-Rover-26\rover_ws\install\Lib\site-packages;%PYTHONPATH% D:\My_Files\Work\AU-Robotics\Rover_2026\Code\UGVC-Rover-26\rover_ws\.pixi\envs\default\python.exe -W ignore:setup.py install is deprecated -W ignore:easy_install command is deprecated setup.py egg_info --egg-base ..\..\build\road_detector build --build-base D:\My_Files\Work\AU-Robotics\Rover_2026\Code\UGVC-Rover-26\rover_ws\build\road_detector\build install --record D:\My_Files\Work\AU-Robotics\Rover_2026\Code\UGVC-Rover-26\rover_ws\build\road_detector\install.log --single-version-externally-managed install_data
[5.078s] running egg_info
[5.172s] creating ..\..\build\road_detector\road_detector.egg-info
[5.172s] writing ..\..\build\road_detector\road_detector.egg-info\PKG-INFO
[5.172s] writing dependency_links to ..\..\build\road_detector\road_detector.egg-info\dependency_links.txt
[5.172s] writing entry points to ..\..\build\road_detector\road_detector.egg-info\entry_points.txt
[5.187s] writing requirements to ..\..\build\road_detector\road_detector.egg-info\requires.txt
[5.187s] writing top-level names to ..\..\build\road_detector\road_detector.egg-info\top_level.txt
[5.187s] writing manifest file '..\..\build\road_detector\road_detector.egg-info\SOURCES.txt'
[5.375s] reading manifest file '..\..\build\road_detector\road_detector.egg-info\SOURCES.txt'
[5.375s] writing manifest file '..\..\build\road_detector\road_detector.egg-info\SOURCES.txt'
[5.375s] running build
[5.375s] running build_py
[5.375s] creating D:\My_Files\Work\AU-Robotics\Rover_2026\Code\UGVC-Rover-26\rover_ws\build\road_detector\build\lib\road_detector
[5.375s] copying road_detector\homography.py -> D:\My_Files\Work\AU-Robotics\Rover_2026\Code\UGVC-Rover-26\rover_ws\build\road_detector\build\lib\road_detector
[5.375s] copying road_detector\pipeline.py -> D:\My_Files\Work\AU-Robotics\Rover_2026\Code\UGVC-Rover-26\rover_ws\build\road_detector\build\lib\road_detector
[5.375s] copying road_detector\road_detector.py -> D:\My_Files\Work\AU-Robotics\Rover_2026\Code\UGVC-Rover-26\rover_ws\build\road_detector\build\lib\road_detector
[5.375s] copying road_detector\road_features_detector.py -> D:\My_Files\Work\AU-Robotics\Rover_2026\Code\UGVC-Rover-26\rover_ws\build\road_detector\build\lib\road_detector
[5.375s] copying road_detector\__init__.py -> D:\My_Files\Work\AU-Robotics\Rover_2026\Code\UGVC-Rover-26\rover_ws\build\road_detector\build\lib\road_detector
[5.375s] running install
[5.375s] running install_lib
[5.468s] creating D:\My_Files\Work\AU-Robotics\Rover_2026\Code\UGVC-Rover-26\rover_ws\install\Lib\site-packages\road_detector
[5.484s] copying D:\My_Files\Work\AU-Robotics\Rover_2026\Code\UGVC-Rover-26\rover_ws\build\road_detector\build\lib\road_detector\homography.py -> D:\My_Files\Work\AU-Robotics\Rover_2026\Code\UGVC-Rover-26\rover_ws\install\Lib\site-packages\road_detector
[5.500s] copying D:\My_Files\Work\AU-Robotics\Rover_2026\Code\UGVC-Rover-26\rover_ws\build\road_detector\build\lib\road_detector\pipeline.py -> D:\My_Files\Work\AU-Robotics\Rover_2026\Code\UGVC-Rover-26\rover_ws\install\Lib\site-packages\road_detector
[5.500s] copying D:\My_Files\Work\AU-Robotics\Rover_2026\Code\UGVC-Rover-26\rover_ws\build\road_detector\build\lib\road_detector\road_detector.py -> D:\My_Files\Work\AU-Robotics\Rover_2026\Code\UGVC-Rover-26\rover_ws\install\Lib\site-packages\road_detector
[5.500s] copying D:\My_Files\Work\AU-Robotics\Rover_2026\Code\UGVC-Rover-26\rover_ws\build\road_detector\build\lib\road_detector\road_features_detector.py -> D:\My_Files\Work\AU-Robotics\Rover_2026\Code\UGVC-Rover-26\rover_ws\install\Lib\site-packages\road_detector
[5.500s] copying D:\My_Files\Work\AU-Robotics\Rover_2026\Code\UGVC-Rover-26\rover_ws\build\road_detector\build\lib\road_detector\__init__.py -> D:\My_Files\Work\AU-Robotics\Rover_2026\Code\UGVC-Rover-26\rover_ws\install\Lib\site-packages\road_detector
[5.500s] byte-compiling D:\My_Files\Work\AU-Robotics\Rover_2026\Code\UGVC-Rover-26\rover_ws\install\Lib\site-packages\road_detector\homography.py to homography.cpython-312.pyc
[5.500s] byte-compiling D:\My_Files\Work\AU-Robotics\Rover_2026\Code\UGVC-Rover-26\rover_ws\install\Lib\site-packages\road_detector\pipeline.py to pipeline.cpython-312.pyc
[5.515s] byte-compiling D:\My_Files\Work\AU-Robotics\Rover_2026\Code\UGVC-Rover-26\rover_ws\install\Lib\site-packages\road_detector\road_detector.py to road_detector.cpython-312.pyc
[5.515s] byte-compiling D:\My_Files\Work\AU-Robotics\Rover_2026\Code\UGVC-Rover-26\rover_ws\install\Lib\site-packages\road_detector\road_features_detector.py to road_features_detector.cpython-312.pyc
[5.531s] byte-compiling D:\My_Files\Work\AU-Robotics\Rover_2026\Code\UGVC-Rover-26\rover_ws\install\Lib\site-packages\road_detector\__init__.py to __init__.cpython-312.pyc
[5.531s] running install_data
[5.531s] creating D:\My_Files\Work\AU-Robotics\Rover_2026\Code\UGVC-Rover-26\rover_ws\install\share\ament_index\resource_index\packages
[5.531s] copying resource\road_detector -> D:\My_Files\Work\AU-Robotics\Rover_2026\Code\UGVC-Rover-26\rover_ws\install\share\ament_index\resource_index\packages
[5.531s] copying package.xml -> D:\My_Files\Work\AU-Robotics\Rover_2026\Code\UGVC-Rover-26\rover_ws\install\share\road_detector
[5.531s] creating D:\My_Files\Work\AU-Robotics\Rover_2026\Code\UGVC-Rover-26\rover_ws\install\share\road_detector\launch
[5.531s] copying launch\road_detector_launch.py -> D:\My_Files\Work\AU-Robotics\Rover_2026\Code\UGVC-Rover-26\rover_ws\install\share\road_detector\launch
[5.547s] creating D:\My_Files\Work\AU-Robotics\Rover_2026\Code\UGVC-Rover-26\rover_ws\install\share\road_detector\config
[5.547s] copying config\params.yaml -> D:\My_Files\Work\AU-Robotics\Rover_2026\Code\UGVC-Rover-26\rover_ws\install\share\road_detector\config
[5.547s] running install_egg_info
[5.640s] Copying ..\..\build\road_detector\road_detector.egg-info to D:\My_Files\Work\AU-Robotics\Rover_2026\Code\UGVC-Rover-26\rover_ws\install\Lib\site-packages\road_detector-0.0.1-py3.12.egg-info
[5.656s] running install_scripts
[6.187s] Installing road_detector_node-script.py script to D:\My_Files\Work\AU-Robotics\Rover_2026\Code\UGVC-Rover-26\rover_ws\install\lib\road_detector
[6.187s] Installing road_detector_node.exe script to D:\My_Files\Work\AU-Robotics\Rover_2026\Code\UGVC-Rover-26\rover_ws\install\lib\road_detector
[6.187s] writing list of installed files to 'D:\My_Files\Work\AU-Robotics\Rover_2026\Code\UGVC-Rover-26\rover_ws\build\road_detector\install.log'
[6.234s] Invoked command in 'D:\My_Files\Work\AU-Robotics\Rover_2026\Code\UGVC-Rover-26\rover_ws\src\road_detector' returned '0': PIXI_PROMPT=(rover_ws) PYTHONPATH=D:\My_Files\Work\AU-Robotics\Rover_2026\Code\UGVC-Rover-26\rover_ws\build\road_detector\prefix_override;D:\My_Files\Work\AU-Robotics\Rover_2026\Code\UGVC-Rover-26\rover_ws\.pixi\envs\default\Lib\site-packages\colcon_core\task\python\colcon_distutils_commands;D:\My_Files\Work\AU-Robotics\Rover_2026\Code\UGVC-Rover-26\rover_ws\install\Lib\site-packages;%PYTHONPATH% D:\My_Files\Work\AU-Robotics\Rover_2026\Code\UGVC-Rover-26\rover_ws\.pixi\envs\default\python.exe -W ignore:setup.py install is deprecated -W ignore:easy_install command is deprecated setup.py egg_info --egg-base ..\..\build\road_detector build --build-base D:\My_Files\Work\AU-Robotics\Rover_2026\Code\UGVC-Rover-26\rover_ws\build\road_detector\build install --record D:\My_Files\Work\AU-Robotics\Rover_2026\Code\UGVC-Rover-26\rover_ws\build\road_detector\install.log --single-version-externally-managed install_data
