D:\My_Files\Work\AU-Robotics\Rover_2026\Code\UGVC-Rover-26\rover_ws\install\Lib\site-packages\road_detector\homography.py
D:\My_Files\Work\AU-Robotics\Rover_2026\Code\UGVC-Rover-26\rover_ws\install\Lib\site-packages\road_detector\pipeline.py
D:\My_Files\Work\AU-Robotics\Rover_2026\Code\UGVC-Rover-26\rover_ws\install\Lib\site-packages\road_detector\road_detector.py
D:\My_Files\Work\AU-Robotics\Rover_2026\Code\UGVC-Rover-26\rover_ws\install\Lib\site-packages\road_detector\road_features_detector.py
D:\My_Files\Work\AU-Robotics\Rover_2026\Code\UGVC-Rover-26\rover_ws\install\Lib\site-packages\road_detector\__init__.py
D:\My_Files\Work\AU-Robotics\Rover_2026\Code\UGVC-Rover-26\rover_ws\install\Lib\site-packages\road_detector\__pycache__\homography.cpython-312.pyc
D:\My_Files\Work\AU-Robotics\Rover_2026\Code\UGVC-Rover-26\rover_ws\install\Lib\site-packages\road_detector\__pycache__\pipeline.cpython-312.pyc
D:\My_Files\Work\AU-Robotics\Rover_2026\Code\UGVC-Rover-26\rover_ws\install\Lib\site-packages\road_detector\__pycache__\road_detector.cpython-312.pyc
D:\My_Files\Work\AU-Robotics\Rover_2026\Code\UGVC-Rover-26\rover_ws\install\Lib\site-packages\road_detector\__pycache__\road_features_detector.cpython-312.pyc
D:\My_Files\Work\AU-Robotics\Rover_2026\Code\UGVC-Rover-26\rover_ws\install\Lib\site-packages\road_detector\__pycache__\__init__.cpython-312.pyc
D:\My_Files\Work\AU-Robotics\Rover_2026\Code\UGVC-Rover-26\rover_ws\install\share\ament_index\resource_index\packages\road_detector
D:\My_Files\Work\AU-Robotics\Rover_2026\Code\UGVC-Rover-26\rover_ws\install\share\road_detector\package.xml
D:\My_Files\Work\AU-Robotics\Rover_2026\Code\UGVC-Rover-26\rover_ws\install\share\road_detector\launch\road_detector_launch.py
D:\My_Files\Work\AU-Robotics\Rover_2026\Code\UGVC-Rover-26\rover_ws\install\share\road_detector\config\params.yaml
D:\My_Files\Work\AU-Robotics\Rover_2026\Code\UGVC-Rover-26\rover_ws\install\Lib\site-packages\road_detector-0.0.1-py3.12.egg-info\dependency_links.txt
D:\My_Files\Work\AU-Robotics\Rover_2026\Code\UGVC-Rover-26\rover_ws\install\Lib\site-packages\road_detector-0.0.1-py3.12.egg-info\entry_points.txt
D:\My_Files\Work\AU-Robotics\Rover_2026\Code\UGVC-Rover-26\rover_ws\install\Lib\site-packages\road_detector-0.0.1-py3.12.egg-info\PKG-INFO
D:\My_Files\Work\AU-Robotics\Rover_2026\Code\UGVC-Rover-26\rover_ws\install\Lib\site-packages\road_detector-0.0.1-py3.12.egg-info\requires.txt
D:\My_Files\Work\AU-Robotics\Rover_2026\Code\UGVC-Rover-26\rover_ws\install\Lib\site-packages\road_detector-0.0.1-py3.12.egg-info\SOURCES.txt
D:\My_Files\Work\AU-Robotics\Rover_2026\Code\UGVC-Rover-26\rover_ws\install\Lib\site-packages\road_detector-0.0.1-py3.12.egg-info\top_level.txt
D:\My_Files\Work\AU-Robotics\Rover_2026\Code\UGVC-Rover-26\rover_ws\install\Lib\site-packages\road_detector-0.0.1-py3.12.egg-info\zip-safe
D:\My_Files\Work\AU-Robotics\Rover_2026\Code\UGVC-Rover-26\rover_ws\install\lib\road_detector\road_detector_node-script.py
D:\My_Files\Work\AU-Robotics\Rover_2026\Code\UGVC-Rover-26\rover_ws\install\lib\road_detector\road_detector_node.exe
